0 info it worked if it ends with ok
1 verbose cli [ '/usr/local/bin/node',
1 verbose cli   '/usr/local/bin/npm',
1 verbose cli   'run',
1 verbose cli   'postinstall' ]
2 info using npm@3.10.8
3 info using node@v6.9.1
4 verbose run-script [ 'postinstall' ]
5 info lifecycle swichelecki@1.0.0~postinstall: swichelecki@1.0.0
6 verbose lifecycle swichelecki@1.0.0~postinstall: unsafe-perm in lifecycle true
7 verbose lifecycle swichelecki@1.0.0~postinstall: PATH: /usr/local/lib/node_modules/npm/bin/node-gyp-bin:/Users/swichelecki/React/swichelecki/node_modules/.bin:/usr/local/bin:/usr/bin:/bin:/usr/sbin:/sbin
8 verbose lifecycle swichelecki@1.0.0~postinstall: CWD: /Users/swichelecki/React/swichelecki
9 silly lifecycle swichelecki@1.0.0~postinstall: Args: [ '-c', 'webpack -p' ]
10 silly lifecycle swichelecki@1.0.0~postinstall: Returned: code: 1  signal: null
11 info lifecycle swichelecki@1.0.0~postinstall: Failed to exec postinstall script
12 verbose stack Error: swichelecki@1.0.0 postinstall: `webpack -p`
12 verbose stack Exit status 1
12 verbose stack     at EventEmitter.<anonymous> (/usr/local/lib/node_modules/npm/lib/utils/lifecycle.js:255:16)
12 verbose stack     at emitTwo (events.js:106:13)
12 verbose stack     at EventEmitter.emit (events.js:191:7)
12 verbose stack     at ChildProcess.<anonymous> (/usr/local/lib/node_modules/npm/lib/utils/spawn.js:40:14)
12 verbose stack     at emitTwo (events.js:106:13)
12 verbose stack     at ChildProcess.emit (events.js:191:7)
12 verbose stack     at maybeClose (internal/child_process.js:877:16)
12 verbose stack     at Process.ChildProcess._handle.onexit (internal/child_process.js:226:5)
13 verbose pkgid swichelecki@1.0.0
14 verbose cwd /Users/swichelecki/React/swichelecki
15 error Darwin 14.5.0
16 error argv "/usr/local/bin/node" "/usr/local/bin/npm" "run" "postinstall"
17 error node v6.9.1
18 error npm  v3.10.8
19 error code ELIFECYCLE
20 error swichelecki@1.0.0 postinstall: `webpack -p`
20 error Exit status 1
21 error Failed at the swichelecki@1.0.0 postinstall script 'webpack -p'.
21 error Make sure you have the latest version of node.js and npm installed.
21 error If you do, this is most likely a problem with the swichelecki package,
21 error not with npm itself.
21 error Tell the author that this fails on your system:
21 error     webpack -p
21 error You can get information on how to open an issue for this project with:
21 error     npm bugs swichelecki
21 error Or if that isn't available, you can get their info via:
21 error     npm owner ls swichelecki
21 error There is likely additional logging output above.
22 verbose exit [ 1, true ]
